[2020-01-19T09:37:36.126] [DEBUG] cheese - login => username:zs,password:123456
[2020-01-19T09:37:36.129] [DEBUG] cheese - zs
[2020-01-19T09:37:36.144] [DEBUG] cheese - null
[2020-01-19T09:37:36.144] [DEBUG] cheese - null
[2020-01-19T09:37:45.423] [DEBUG] cheese - login => username:admin,password:123456
[2020-01-19T09:37:45.423] [DEBUG] cheese - admin
[2020-01-19T09:37:45.432] [DEBUG] cheese - null
[2020-01-19T09:37:45.432] [DEBUG] cheese - null
[2020-01-19T14:58:49.600] [DEBUG] cheese - login => username:admin,password:123456
[2020-01-19T14:58:49.602] [DEBUG] cheese - admin
[2020-01-19T14:58:49.617] [DEBUG] cheese - null
[2020-01-19T14:58:49.618] [DEBUG] cheese - null
[2020-01-19T14:59:44.235] [DEBUG] cheese - login => username:admin,password:123456
[2020-01-19T14:59:44.235] [DEBUG] cheese - admin
[2020-01-19T14:59:44.238] [DEBUG] cheese - null
[2020-01-19T14:59:44.239] [DEBUG] cheese - null
[2020-01-19T15:17:42.569] [DEBUG] cheese - login => username:admin,password:123456
[2020-01-19T15:17:42.570] [DEBUG] cheese - admin
[2020-01-19T15:17:42.574] [DEBUG] cheese - null
[2020-01-19T15:17:42.574] [DEBUG] cheese - null
[2020-01-19T15:18:22.727] [DEBUG] cheese - login => username:admin,password:123456
[2020-01-19T15:18:22.727] [DEBUG] cheese - admin
[2020-01-19T15:18:22.729] [DEBUG] cheese - null
[2020-01-19T15:18:22.729] [DEBUG] cheese - null
[2020-01-19T15:18:26.210] [DEBUG] cheese - login => username:admin,password:123456
[2020-01-19T15:18:26.210] [DEBUG] cheese - admin
[2020-01-19T15:18:26.213] [DEBUG] cheese - null
[2020-01-19T15:18:26.213] [DEBUG] cheese - null
[2020-01-19T15:18:28.096] [DEBUG] cheese - login => username:admina,password:123456
[2020-01-19T15:18:28.096] [DEBUG] cheese - admina
[2020-01-19T15:18:28.098] [DEBUG] cheese - null
[2020-01-19T15:18:28.098] [DEBUG] cheese - null
[2020-01-19T15:25:07.169] [DEBUG] cheese - login => username:admin,password:123456
[2020-01-19T15:25:07.170] [DEBUG] cheese - admin
[2020-01-19T15:25:07.172] [DEBUG] cheese - null
[2020-01-19T15:25:07.173] [DEBUG] cheese - null
[2020-01-19T15:26:31.579] [DEBUG] cheese - login => username:admin,password:123456d
[2020-01-19T15:26:31.579] [DEBUG] cheese - admin
[2020-01-19T15:26:31.581] [DEBUG] cheese - null
[2020-01-19T15:26:31.581] [DEBUG] cheese - null
[2020-01-19T15:26:34.835] [DEBUG] cheese - login => username:admin,password:123456d
[2020-01-19T15:26:34.835] [DEBUG] cheese - admin
[2020-01-19T15:26:34.836] [DEBUG] cheese - null
[2020-01-19T15:26:34.837] [DEBUG] cheese - null
[2020-01-19T15:26:35.293] [DEBUG] cheese - login => username:admin,password:123456d
[2020-01-19T15:26:35.293] [DEBUG] cheese - admin
[2020-01-19T15:26:35.296] [DEBUG] cheese - null
[2020-01-19T15:26:35.296] [DEBUG] cheese - null
[2020-01-19T15:26:40.302] [DEBUG] cheese - login => username:admin,password:123456
[2020-01-19T15:26:40.302] [DEBUG] cheese - admin
[2020-01-19T15:26:40.304] [DEBUG] cheese - null
[2020-01-19T15:26:40.304] [DEBUG] cheese - null
[2020-01-19T15:28:41.289] [DEBUG] cheese - login => username:admin,password:123456
[2020-01-19T15:28:41.289] [DEBUG] cheese - admin
[2020-01-19T15:28:41.291] [DEBUG] cheese - null
[2020-01-19T15:28:41.291] [DEBUG] cheese - null
[2020-01-19T15:29:36.110] [DEBUG] cheese - login => username:admin,password:123456
[2020-01-19T15:29:36.110] [DEBUG] cheese - admin
[2020-01-19T15:29:36.113] [DEBUG] cheese - null
[2020-01-19T15:29:36.113] [DEBUG] cheese - null
[2020-01-19T15:30:03.885] [DEBUG] cheese - login => username:admin,password:123456
[2020-01-19T15:30:03.885] [DEBUG] cheese - admin
[2020-01-19T15:30:03.888] [DEBUG] cheese - null
[2020-01-19T15:30:03.888] [DEBUG] cheese - null
[2020-01-19T15:42:40.236] [DEBUG] cheese - login => username:admin,password:123456
[2020-01-19T15:42:40.236] [DEBUG] cheese - admin
[2020-01-19T15:42:40.239] [DEBUG] cheese - null
[2020-01-19T15:42:40.239] [DEBUG] cheese - null
[2020-01-19T16:03:47.994] [DEBUG] cheese - login => username:admin,password:123456
[2020-01-19T16:03:47.994] [DEBUG] cheese - admin
[2020-01-19T16:03:47.997] [DEBUG] cheese - null
[2020-01-19T16:03:47.997] [DEBUG] cheese - null
[2020-01-19T16:10:45.012] [DEBUG] cheese - login => username:admin,password:123456
[2020-01-19T16:10:45.012] [DEBUG] cheese - admin
[2020-01-19T16:10:45.016] [DEBUG] cheese - null
[2020-01-19T16:10:45.016] [DEBUG] cheese - null
[2020-01-19T16:11:53.433] [DEBUG] cheese - login => username:admin,password:123456
[2020-01-19T16:11:53.433] [DEBUG] cheese - admin
[2020-01-19T16:11:53.436] [DEBUG] cheese - null
[2020-01-19T16:11:53.436] [DEBUG] cheese - null
[2020-01-19T16:18:49.514] [DEBUG] cheese - login => username:admin,password:123456
[2020-01-19T16:18:49.514] [DEBUG] cheese - admin
[2020-01-19T16:18:49.516] [DEBUG] cheese - null
[2020-01-19T16:18:49.517] [DEBUG] cheese - null
[2020-01-19T16:28:16.679] [DEBUG] cheese - login => username:admin,password:123456
[2020-01-19T16:28:16.679] [DEBUG] cheese - admin
[2020-01-19T16:28:16.681] [DEBUG] cheese - null
[2020-01-19T16:28:16.681] [DEBUG] cheese - null
[2020-01-19T16:56:02.532] [DEBUG] cheese - login => username:admin,password:123456
[2020-01-19T16:56:02.533] [DEBUG] cheese - admin
[2020-01-19T16:56:02.536] [DEBUG] cheese - null
[2020-01-19T16:56:02.536] [DEBUG] cheese - null
[2020-01-19T17:21:38.815] [DEBUG] cheese - login => username:admin,password:123456
[2020-01-19T17:21:38.815] [DEBUG] cheese - admin
[2020-01-19T17:21:38.817] [DEBUG] cheese - null
[2020-01-19T17:21:38.817] [DEBUG] cheese - null
[2020-01-19T17:23:50.368] [DEBUG] cheese - login => username:admin,password:123456
[2020-01-19T17:23:50.369] [DEBUG] cheese - admin
[2020-01-19T17:23:50.371] [DEBUG] cheese - null
[2020-01-19T17:23:50.371] [DEBUG] cheese - null
[2020-01-19T17:24:24.053] [DEBUG] cheese - login => username:admin,password:123456
[2020-01-19T17:24:24.053] [DEBUG] cheese - admin
[2020-01-19T17:24:24.055] [DEBUG] cheese - null
[2020-01-19T17:24:24.055] [DEBUG] cheese - null
[2020-01-19T17:28:18.312] [DEBUG] cheese - login => username:admin,password:123456
[2020-01-19T17:28:18.312] [DEBUG] cheese - admin
[2020-01-19T17:28:18.315] [DEBUG] cheese - null
[2020-01-19T17:28:18.315] [DEBUG] cheese - null
[2020-01-19T17:44:37.466] [DEBUG] cheese - login => username:admin,password:123456
[2020-01-19T17:44:37.466] [DEBUG] cheese - admin
[2020-01-19T17:44:37.469] [DEBUG] cheese - null
[2020-01-19T17:44:37.469] [DEBUG] cheese - null
[2020-01-19T17:46:20.424] [DEBUG] cheese - login => username:admin,password:123456
[2020-01-19T17:46:20.424] [DEBUG] cheese - admin
[2020-01-19T17:46:20.428] [DEBUG] cheese - null
[2020-01-19T17:46:20.428] [DEBUG] cheese - null
[2020-01-19T21:53:47.644] [DEBUG] cheese - login => username:admin,password:123456
[2020-01-19T21:53:47.644] [DEBUG] cheese - admin
[2020-01-19T21:53:47.647] [DEBUG] cheese - null
[2020-01-19T21:53:47.647] [DEBUG] cheese - null
[2020-01-19T22:21:52.998] [DEBUG] cheese - login => username:admin,password:123456
[2020-01-19T22:21:52.998] [DEBUG] cheese - admin
[2020-01-19T22:21:53.001] [DEBUG] cheese - null
[2020-01-19T22:21:53.001] [DEBUG] cheese - null
[2020-01-19T23:08:34.335] [DEBUG] cheese - login => username:admin,password:123456
[2020-01-19T23:08:34.335] [DEBUG] cheese - admin
[2020-01-19T23:08:34.337] [DEBUG] cheese - null
[2020-01-19T23:08:34.337] [DEBUG] cheese - null
[2020-01-20T16:15:37.043] [DEBUG] cheese - login => username:admin,password:123456
[2020-01-20T16:15:37.045] [DEBUG] cheese - admin
[2020-01-20T16:15:37.055] [DEBUG] cheese - null
[2020-01-20T16:15:37.056] [DEBUG] cheese - null
[2020-01-20T16:40:51.810] [DEBUG] cheese - login => username:admin,password:123456
[2020-01-20T16:40:51.810] [DEBUG] cheese - admin
[2020-01-20T16:40:51.814] [DEBUG] cheese - null
[2020-01-20T16:40:51.814] [DEBUG] cheese - null
[2020-01-20T23:36:37.377] [DEBUG] cheese - login => username:admin,password:123456
[2020-01-20T23:36:37.378] [DEBUG] cheese - admin
[2020-01-20T23:36:37.380] [DEBUG] cheese - null
[2020-01-20T23:36:37.380] [DEBUG] cheese - null
[2020-01-21T15:57:20.945] [DEBUG] cheese - null
[2020-01-21T23:03:47.319] [DEBUG] cheese - login => username:admin,password:123456
[2020-01-21T23:03:47.320] [DEBUG] cheese - admin
[2020-01-21T23:03:47.323] [DEBUG] cheese - null
[2020-01-21T23:03:47.323] [DEBUG] cheese - null
[2020-01-23T20:44:20.582] [DEBUG] cheese - login => username:admin,password:123456
[2020-01-23T20:44:20.585] [DEBUG] cheese - admin
[2020-01-23T20:44:20.604] [DEBUG] cheese - null
[2020-01-23T20:44:20.605] [DEBUG] cheese - null
[2020-01-25T12:07:27.757] [DEBUG] cheese - login => username:admin,password:123456
[2020-01-25T12:07:27.758] [DEBUG] cheese - admin
[2020-01-25T12:07:27.868] [DEBUG] cheese - null
[2020-01-25T12:07:27.868] [DEBUG] cheese - null
[2020-01-25T17:55:09.328] [DEBUG] cheese - login => username:admin,password:123456
[2020-01-25T17:55:09.328] [DEBUG] cheese - admin
[2020-01-25T17:55:09.330] [DEBUG] cheese - null
[2020-01-25T17:55:09.330] [DEBUG] cheese - null
[2020-01-25T17:56:06.587] [DEBUG] cheese - login => username:admi,password:123456
[2020-01-25T17:56:06.588] [DEBUG] cheese - admi
[2020-01-25T17:56:06.589] [DEBUG] cheese - null
[2020-01-25T17:56:06.589] [DEBUG] cheese - null
[2020-01-25T17:56:10.552] [DEBUG] cheese - login => username:admin,password:123456
[2020-01-25T17:56:10.552] [DEBUG] cheese - admin
[2020-01-25T17:56:10.555] [DEBUG] cheese - null
[2020-01-25T17:56:10.555] [DEBUG] cheese - null
[2020-01-25T17:56:25.692] [DEBUG] cheese - login => username:linken,password:123456
[2020-01-25T17:56:25.692] [DEBUG] cheese - linken
[2020-01-25T17:56:25.695] [DEBUG] cheese - null
[2020-01-25T17:56:25.695] [DEBUG] cheese - null
[2020-01-25T17:56:33.086] [DEBUG] cheese - login => username:admin,password:123456
[2020-01-25T17:56:33.086] [DEBUG] cheese - admin
[2020-01-25T17:56:33.089] [DEBUG] cheese - null
[2020-01-25T17:56:33.089] [DEBUG] cheese - null
[2020-01-25T18:01:11.807] [DEBUG] cheese - login => username:auth,password:123456
[2020-01-25T18:01:11.807] [DEBUG] cheese - auth
[2020-01-25T18:01:11.809] [DEBUG] cheese - null
[2020-01-25T18:01:11.809] [DEBUG] cheese - null
[2020-01-25T18:01:21.331] [DEBUG] cheese - login => username:auth,password:123456
[2020-01-25T18:01:21.331] [DEBUG] cheese - auth
[2020-01-25T18:01:21.333] [DEBUG] cheese - null
[2020-01-25T18:01:21.333] [DEBUG] cheese - null
[2020-01-25T18:01:22.594] [DEBUG] cheese - login => username:admin,password:123456
[2020-01-25T18:01:22.594] [DEBUG] cheese - admin
[2020-01-25T18:01:22.596] [DEBUG] cheese - null
[2020-01-25T18:01:22.596] [DEBUG] cheese - null
[2020-01-25T18:01:46.719] [DEBUG] cheese - login => username:auth,password:123456
[2020-01-25T18:01:46.719] [DEBUG] cheese - auth
[2020-01-25T18:01:46.720] [DEBUG] cheese - null
[2020-01-25T18:01:46.720] [DEBUG] cheese - null
[2020-01-25T18:01:49.042] [DEBUG] cheese - null
[2020-01-25T18:01:49.045] [DEBUG] cheese - null
[2020-01-25T18:01:52.237] [DEBUG] cheese - null
[2020-01-25T18:01:52.238] [DEBUG] cheese - null
[2020-01-25T18:01:53.421] [DEBUG] cheese - null
[2020-01-25T18:01:53.424] [DEBUG] cheese - null
[2020-01-25T18:01:59.201] [DEBUG] cheese - login => username:admin,password:123456
[2020-01-25T18:01:59.201] [DEBUG] cheese - admin
[2020-01-25T18:01:59.202] [DEBUG] cheese - null
[2020-01-25T18:01:59.202] [DEBUG] cheese - null
[2020-01-26T13:07:24.764] [DEBUG] cheese - login => username:admin,password:123456
[2020-01-26T13:07:24.764] [DEBUG] cheese - admin
[2020-01-26T13:07:24.767] [DEBUG] cheese - null
[2020-01-26T13:07:24.767] [DEBUG] cheese - null
[2020-01-26T16:04:29.486] [DEBUG] cheese - login => username:admin,password:123456
[2020-01-26T16:04:29.486] [DEBUG] cheese - admin
[2020-01-26T16:04:29.592] [DEBUG] cheese - null
[2020-01-26T16:04:29.592] [DEBUG] cheese - null
[2020-01-26T17:42:27.771] [DEBUG] cheese - login => username:orders,password:123456
[2020-01-26T17:42:27.772] [DEBUG] cheese - orders
[2020-01-26T17:42:27.776] [DEBUG] cheese - null
[2020-01-26T17:42:27.776] [DEBUG] cheese - null
[2020-01-26T17:42:37.026] [DEBUG] cheese - login => username:admin,password:123456
[2020-01-26T17:42:37.026] [DEBUG] cheese - admin
[2020-01-26T17:42:37.031] [DEBUG] cheese - null
[2020-01-26T17:42:37.031] [DEBUG] cheese - null
[2020-01-26T17:42:51.967] [DEBUG] cheese - login => username:good,password:123456
[2020-01-26T17:42:51.967] [DEBUG] cheese - good
[2020-01-26T17:42:51.968] [DEBUG] cheese - null
[2020-01-26T17:42:51.969] [DEBUG] cheese - null
[2020-01-26T17:42:57.198] [DEBUG] cheese - login => username:good,password:123456
[2020-01-26T17:42:57.198] [DEBUG] cheese - good
[2020-01-26T17:42:57.202] [DEBUG] cheese - null
[2020-01-26T17:42:57.202] [DEBUG] cheese - null
[2020-01-26T17:43:03.117] [DEBUG] cheese - login => username:admin,password:123456
[2020-01-26T17:43:03.117] [DEBUG] cheese - admin
[2020-01-26T17:43:03.121] [DEBUG] cheese - null
[2020-01-26T17:43:03.121] [DEBUG] cheese - null
[2020-01-26T17:59:57.263] [DEBUG] cheese - login => username:linken,password:123456
[2020-01-26T17:59:57.263] [DEBUG] cheese - linken
[2020-01-26T17:59:57.266] [DEBUG] cheese - null
[2020-01-26T17:59:57.266] [DEBUG] cheese - null
[2020-01-26T17:59:59.567] [DEBUG] cheese - null
[2020-01-26T17:59:59.571] [DEBUG] cheese - null
[2020-01-26T18:00:00.669] [DEBUG] cheese - null
[2020-01-26T18:00:00.673] [DEBUG] cheese - null
[2020-01-26T18:00:01.722] [DEBUG] cheese - null
[2020-01-26T18:00:01.725] [DEBUG] cheese - null
[2020-01-26T18:00:12.566] [DEBUG] cheese - null
[2020-01-26T18:00:12.571] [DEBUG] cheese - null
[2020-01-26T18:00:13.701] [DEBUG] cheese - null
[2020-01-26T18:00:13.705] [DEBUG] cheese - null
[2020-01-26T18:00:20.653] [DEBUG] cheese - login => username:admin,password:123456
[2020-01-26T18:00:20.653] [DEBUG] cheese - admin
[2020-01-26T18:00:20.657] [DEBUG] cheese - null
[2020-01-26T18:00:20.657] [DEBUG] cheese - null
[2020-01-26T18:01:02.169] [DEBUG] cheese - login => username:admin,password:123456
[2020-01-26T18:01:02.169] [DEBUG] cheese - admin
[2020-01-26T18:01:02.174] [DEBUG] cheese - null
[2020-01-26T18:01:02.174] [DEBUG] cheese - null
[2020-01-26T18:01:11.646] [DEBUG] cheese - login => username:orders,password:123456
[2020-01-26T18:01:11.646] [DEBUG] cheese - orders
[2020-01-26T18:01:11.650] [DEBUG] cheese - null
[2020-01-26T18:01:11.650] [DEBUG] cheese - null
[2020-01-26T18:01:12.416] [DEBUG] cheese - login => username:orders,password:123456
[2020-01-26T18:01:12.416] [DEBUG] cheese - orders
[2020-01-26T18:01:12.421] [DEBUG] cheese - null
[2020-01-26T18:01:12.421] [DEBUG] cheese - null
[2020-01-26T18:01:12.616] [DEBUG] cheese - login => username:orders,password:123456
[2020-01-26T18:01:12.617] [DEBUG] cheese - orders
[2020-01-26T18:01:12.620] [DEBUG] cheese - null
[2020-01-26T18:01:12.621] [DEBUG] cheese - null
[2020-01-26T18:01:15.327] [DEBUG] cheese - login => username:admin,password:123456
[2020-01-26T18:01:15.327] [DEBUG] cheese - admin
[2020-01-26T18:01:15.331] [DEBUG] cheese - null
[2020-01-26T18:01:15.331] [DEBUG] cheese - null
[2020-01-26T22:01:29.107] [DEBUG] cheese - login => username:admin,password:123456
[2020-01-26T22:01:29.107] [DEBUG] cheese - admin
[2020-01-26T22:01:29.113] [DEBUG] cheese - null
[2020-01-26T22:01:29.113] [DEBUG] cheese - null
[2020-01-28T09:54:49.669] [DEBUG] cheese - login => username:admin,password:123456
[2020-01-28T09:54:49.671] [DEBUG] cheese - admin
[2020-01-28T09:54:49.689] [DEBUG] cheese - null
[2020-01-28T09:54:49.690] [DEBUG] cheese - null
[2020-01-28T09:59:40.428] [DEBUG] cheese - login => username:admin,password:123456
[2020-01-28T09:59:40.428] [DEBUG] cheese - admin
[2020-01-28T09:59:40.431] [DEBUG] cheese - null
[2020-01-28T09:59:40.431] [DEBUG] cheese - null
[2020-01-28T12:56:54.555] [DEBUG] cheese - login => username:admin,password:123456
[2020-01-28T12:56:54.555] [DEBUG] cheese - admin
[2020-01-28T12:56:54.558] [DEBUG] cheese - null
[2020-01-28T12:56:54.558] [DEBUG] cheese - null
[2020-01-29T14:09:05.931] [DEBUG] cheese - login => username:admin,password:123456
[2020-01-29T14:09:05.931] [DEBUG] cheese - admin
[2020-01-29T14:09:05.987] [DEBUG] cheese - null
[2020-01-29T14:09:05.987] [DEBUG] cheese - null
[2020-01-30T13:06:03.979] [DEBUG] cheese - login => username:admin,password:123456
[2020-01-30T13:06:03.981] [DEBUG] cheese - admin
[2020-01-30T13:06:03.998] [DEBUG] cheese - null
[2020-01-30T13:06:03.999] [DEBUG] cheese - null
[2020-01-31T15:04:41.057] [DEBUG] cheese - login => username:admin,password:123456
[2020-01-31T15:04:41.059] [DEBUG] cheese - admin
[2020-01-31T15:04:41.091] [DEBUG] cheese - null
[2020-01-31T15:04:41.091] [DEBUG] cheese - null
[2020-01-31T15:16:39.226] [DEBUG] cheese - login => username:admin,password:123456
[2020-01-31T15:16:39.226] [DEBUG] cheese - admin
[2020-01-31T15:16:39.230] [DEBUG] cheese - null
[2020-01-31T15:16:39.230] [DEBUG] cheese - null
[2020-01-31T15:16:57.411] [DEBUG] cheese - login => username:admin,password:123456
[2020-01-31T15:16:57.412] [DEBUG] cheese - admin
[2020-01-31T15:16:57.416] [DEBUG] cheese - null
[2020-01-31T15:16:57.416] [DEBUG] cheese - null
[2020-01-31T16:45:49.514] [DEBUG] cheese - null
[2020-02-01T15:19:52.934] [DEBUG] cheese - login => username:admin,password:123456
[2020-02-01T15:19:52.934] [DEBUG] cheese - admin
[2020-02-01T15:19:52.943] [DEBUG] cheese - null
[2020-02-01T15:19:52.943] [DEBUG] cheese - null
[2020-02-02T10:55:43.884] [DEBUG] cheese - login => username:admin,password:123456
[2020-02-02T10:55:43.884] [DEBUG] cheese - admin
[2020-02-02T10:55:43.887] [DEBUG] cheese - null
[2020-02-02T10:55:43.887] [DEBUG] cheese - null
[2020-02-02T12:23:43.455] [DEBUG] cheese - login => username:admin,password:123456
[2020-02-02T12:23:43.458] [DEBUG] cheese - admin
[2020-02-02T12:23:43.478] [DEBUG] cheese - null
[2020-02-02T12:23:43.478] [DEBUG] cheese - null
[2020-02-02T12:25:57.106] [DEBUG] cheese - login => username:admin,password:123456
[2020-02-02T12:25:57.106] [DEBUG] cheese - admin
[2020-02-02T12:25:57.112] [DEBUG] cheese - null
[2020-02-02T12:25:57.112] [DEBUG] cheese - null
[2020-02-02T12:27:41.624] [DEBUG] cheese - login => username:admin,password:123456
[2020-02-02T12:27:41.624] [DEBUG] cheese - admin
[2020-02-02T12:27:41.630] [DEBUG] cheese - null
[2020-02-02T12:27:41.630] [DEBUG] cheese - null
[2020-02-02T12:28:10.566] [DEBUG] cheese - login => username:admin5,password:123456
[2020-02-02T12:28:10.566] [DEBUG] cheese - admin5
[2020-02-02T12:28:10.570] [DEBUG] cheese - null
[2020-02-02T12:28:10.571] [DEBUG] cheese - null
[2020-02-02T12:28:31.941] [DEBUG] cheese - login => username:admin,password:123456
[2020-02-02T12:28:31.941] [DEBUG] cheese - admin
[2020-02-02T12:28:31.946] [DEBUG] cheese - null
[2020-02-02T12:28:31.946] [DEBUG] cheese - null
[2020-02-02T12:40:46.618] [DEBUG] cheese - login => username:admin,password:123456
[2020-02-02T12:40:46.619] [DEBUG] cheese - admin
[2020-02-02T12:40:46.622] [DEBUG] cheese - null
[2020-02-02T12:40:46.622] [DEBUG] cheese - null
[2020-02-02T12:47:25.040] [DEBUG] cheese - login => username:admin,password:123456
[2020-02-02T12:47:25.040] [DEBUG] cheese - admin
[2020-02-02T12:47:25.043] [DEBUG] cheese - null
[2020-02-02T12:47:25.043] [DEBUG] cheese - null
[2020-02-02T12:59:06.747] [DEBUG] cheese - login => username:admin,password:123456
[2020-02-02T12:59:06.750] [DEBUG] cheese - admin
[2020-02-02T12:59:06.762] [DEBUG] cheese - null
[2020-02-02T12:59:06.762] [DEBUG] cheese - null
[2020-02-02T13:42:31.266] [DEBUG] cheese - login => username:admin,password:123456
[2020-02-02T13:42:31.266] [DEBUG] cheese - admin
[2020-02-02T13:42:31.272] [DEBUG] cheese - null
[2020-02-02T13:42:31.273] [DEBUG] cheese - null
[2020-02-02T13:42:52.236] [DEBUG] cheese - login => username:admin,password:123456
[2020-02-02T13:42:52.237] [DEBUG] cheese - admin
[2020-02-02T13:42:52.241] [DEBUG] cheese - null
[2020-02-02T13:42:52.241] [DEBUG] cheese - null
[2020-02-02T13:43:22.373] [DEBUG] cheese - login => username:admin,password:123456
[2020-02-02T13:43:22.373] [DEBUG] cheese - admin
[2020-02-02T13:43:22.381] [DEBUG] cheese - null
[2020-02-02T13:43:22.382] [DEBUG] cheese - null
[2020-02-02T13:57:57.669] [DEBUG] cheese - login => username:admin,password:123456
[2020-02-02T13:57:57.669] [DEBUG] cheese - admin
[2020-02-02T13:57:57.675] [DEBUG] cheese - null
[2020-02-02T13:57:57.675] [DEBUG] cheese - null
[2020-02-02T14:01:00.834] [DEBUG] cheese - login => username:admin,password:123456
[2020-02-02T14:01:00.836] [DEBUG] cheese - admin
[2020-02-02T14:01:00.875] [DEBUG] cheese - null
[2020-02-02T14:01:00.876] [DEBUG] cheese - null
[2020-02-02T14:28:33.260] [DEBUG] cheese - login => username:admin,password:123456
[2020-02-02T14:28:33.260] [DEBUG] cheese - admin
[2020-02-02T14:28:33.263] [DEBUG] cheese - null
[2020-02-02T14:28:33.263] [DEBUG] cheese - null
[2020-02-02T14:35:49.467] [DEBUG] cheese - login => username:admin,password:123456
[2020-02-02T14:35:49.467] [DEBUG] cheese - admin
[2020-02-02T14:35:49.470] [DEBUG] cheese - null
[2020-02-02T14:35:49.470] [DEBUG] cheese - null
[2020-02-02T15:29:21.354] [DEBUG] cheese - login => username:admin,password:123456
[2020-02-02T15:29:21.354] [DEBUG] cheese - admin
[2020-02-02T15:29:21.363] [DEBUG] cheese - null
[2020-02-02T15:29:21.363] [DEBUG] cheese - null
[2020-02-02T15:34:42.350] [DEBUG] cheese - login => username:admin,password:123456
[2020-02-02T15:34:42.350] [DEBUG] cheese - admin
[2020-02-02T15:34:42.352] [DEBUG] cheese - null
[2020-02-02T15:34:42.353] [DEBUG] cheese - null
[2020-02-02T16:01:32.433] [DEBUG] cheese - login => username:admin,password:123456
[2020-02-02T16:01:32.433] [DEBUG] cheese - admin
[2020-02-02T16:01:32.435] [DEBUG] cheese - null
[2020-02-02T16:01:32.435] [DEBUG] cheese - null
[2020-02-02T16:11:20.413] [DEBUG] cheese - login => username:admin,password:123456
[2020-02-02T16:11:20.413] [DEBUG] cheese - admin
[2020-02-02T16:11:20.414] [DEBUG] cheese - null
[2020-02-02T16:11:20.414] [DEBUG] cheese - null
[2020-02-05T13:54:07.684] [DEBUG] cheese - login => username:admin,password:123456
[2020-02-05T13:54:07.685] [DEBUG] cheese - admin
[2020-02-05T13:54:07.719] [DEBUG] cheese - null
[2020-02-05T13:54:07.719] [DEBUG] cheese - null
[2020-02-14T17:01:46.873] [DEBUG] cheese - login => username:admin,password:123456
[2020-02-14T17:01:46.876] [DEBUG] cheese - admin
[2020-02-14T17:01:46.900] [DEBUG] cheese - null
[2020-02-14T17:01:46.901] [DEBUG] cheese - null
[2020-02-14T17:50:21.591] [DEBUG] cheese - login => username:admin,password:123456
[2020-02-14T17:50:21.594] [DEBUG] cheese - admin
[2020-02-14T17:50:21.604] [DEBUG] cheese - null
[2020-02-14T17:50:21.604] [DEBUG] cheese - null
[2020-02-14T17:51:46.243] [DEBUG] cheese - login => username:report,password:123456
[2020-02-14T17:51:46.244] [DEBUG] cheese - report
[2020-02-14T17:51:46.247] [DEBUG] cheese - null
[2020-02-14T17:51:46.247] [DEBUG] cheese - null
[2020-02-14T17:51:51.927] [DEBUG] cheese - login => username:admin,password:123456
[2020-02-14T17:51:51.928] [DEBUG] cheese - admin
[2020-02-14T17:51:51.930] [DEBUG] cheese - null
[2020-02-14T17:51:51.930] [DEBUG] cheese - null
[2020-02-14T17:53:05.427] [DEBUG] cheese - login => username:author,password:123456
[2020-02-14T17:53:05.427] [DEBUG] cheese - author
[2020-02-14T17:53:05.429] [DEBUG] cheese - null
[2020-02-14T17:53:05.429] [DEBUG] cheese - null
[2020-02-14T17:53:07.947] [DEBUG] cheese - null
[2020-02-14T17:53:07.949] [DEBUG] cheese - null
[2020-02-14T17:53:13.294] [DEBUG] cheese - null
[2020-02-14T17:53:13.296] [DEBUG] cheese - null
[2020-02-14T17:53:14.599] [DEBUG] cheese - null
[2020-02-14T17:53:14.601] [DEBUG] cheese - null
[2020-02-14T17:53:23.043] [DEBUG] cheese - login => username:admin,password:123456
[2020-02-14T17:53:23.043] [DEBUG] cheese - admin
[2020-02-14T17:53:23.045] [DEBUG] cheese - null
[2020-02-14T17:53:23.045] [DEBUG] cheese - null
[2020-02-15T13:35:26.258] [DEBUG] cheese - login => username:admin,password:123456
[2020-02-15T13:35:26.259] [DEBUG] cheese - admin
[2020-02-15T13:35:26.261] [DEBUG] cheese - null
[2020-02-15T13:35:26.261] [DEBUG] cheese - null
[2020-02-16T12:38:14.875] [DEBUG] cheese - login => username:admin,password:123456
[2020-02-16T12:38:14.875] [DEBUG] cheese - admin
[2020-02-16T12:38:14.885] [DEBUG] cheese - null
[2020-02-16T12:38:14.885] [DEBUG] cheese - null
[2020-02-19T12:23:52.880] [DEBUG] cheese - login => username:admin,password:123456
[2020-02-19T12:23:52.880] [DEBUG] cheese - admin
[2020-02-19T12:23:52.886] [DEBUG] cheese - null
[2020-02-19T12:23:52.887] [DEBUG] cheese - null
[2020-02-19T12:26:17.173] [DEBUG] cheese - login => username:admin,password:123456
[2020-02-19T12:26:17.173] [DEBUG] cheese - admin
[2020-02-19T12:26:17.176] [DEBUG] cheese - null
[2020-02-19T12:26:17.176] [DEBUG] cheese - null
[2020-02-19T12:27:14.420] [DEBUG] cheese - login => username:admin,password:123456
[2020-02-19T12:27:14.420] [DEBUG] cheese - admin
[2020-02-19T12:27:14.422] [DEBUG] cheese - null
[2020-02-19T12:27:14.423] [DEBUG] cheese - null
[2020-03-20T20:19:23.139] [DEBUG] cheese - login => username:admin,password:123456
[2020-03-20T20:19:23.142] [DEBUG] cheese - admin
[2020-03-20T20:19:23.176] [DEBUG] cheese - null
[2020-03-20T20:19:23.176] [DEBUG] cheese - null
[2020-03-20T20:19:29.675] [DEBUG] cheese - login => username:admin,password:123456sss
[2020-03-20T20:19:29.675] [DEBUG] cheese - admin
[2020-03-20T20:19:29.678] [DEBUG] cheese - null
[2020-03-20T20:19:29.678] [DEBUG] cheese - null
[2020-03-20T23:05:40.306] [DEBUG] cheese - login => username:admin,password:123456
[2020-03-20T23:05:40.308] [DEBUG] cheese - admin
[2020-03-20T23:05:40.322] [DEBUG] cheese - null
[2020-03-20T23:05:40.322] [DEBUG] cheese - null
[2020-03-20T23:05:53.457] [DEBUG] cheese - login => username:admin,password:123456
[2020-03-20T23:05:53.458] [DEBUG] cheese - admin
[2020-03-20T23:05:53.467] [DEBUG] cheese - null
[2020-03-20T23:05:53.467] [DEBUG] cheese - null
[2020-03-20T23:06:40.872] [DEBUG] cheese - login => username:admin,password:123456s
[2020-03-20T23:06:40.872] [DEBUG] cheese - admin
[2020-03-20T23:06:40.874] [DEBUG] cheese - null
[2020-03-20T23:06:40.875] [DEBUG] cheese - null
[2020-03-20T23:06:40.973] [DEBUG] cheese - login => username:admin,password:123456s
[2020-03-20T23:06:40.973] [DEBUG] cheese - admin
[2020-03-20T23:06:40.985] [DEBUG] cheese - null
[2020-03-20T23:06:40.985] [DEBUG] cheese - null
[2020-03-20T23:14:29.359] [DEBUG] cheese - login => username:admin,password:123456
[2020-03-20T23:14:29.360] [DEBUG] cheese - admin
[2020-03-20T23:14:29.362] [DEBUG] cheese - null
[2020-03-20T23:14:29.362] [DEBUG] cheese - null
[2020-03-20T23:14:33.464] [DEBUG] cheese - login => username:admin,password:123456s
[2020-03-20T23:14:33.464] [DEBUG] cheese - admin
[2020-03-20T23:14:33.474] [DEBUG] cheese - null
[2020-03-20T23:14:33.474] [DEBUG] cheese - null
[2020-03-20T23:14:33.576] [DEBUG] cheese - login => username:admin,password:123456s
[2020-03-20T23:14:33.576] [DEBUG] cheese - admin
[2020-03-20T23:14:33.579] [DEBUG] cheese - null
[2020-03-20T23:14:33.579] [DEBUG] cheese - null
[2020-03-20T23:14:34.756] [DEBUG] cheese - login => username:admin,password:123456s
[2020-03-20T23:14:34.757] [DEBUG] cheese - admin
[2020-03-20T23:14:34.759] [DEBUG] cheese - null
[2020-03-20T23:14:34.759] [DEBUG] cheese - null
[2020-03-20T23:14:36.295] [DEBUG] cheese - login => username:admin,password:123456ss
[2020-03-20T23:14:36.306] [DEBUG] cheese - admin
[2020-03-20T23:14:36.308] [DEBUG] cheese - null
[2020-03-20T23:14:36.308] [DEBUG] cheese - null
[2020-03-20T23:14:36.408] [DEBUG] cheese - login => username:admin,password:123456ss
[2020-03-20T23:14:36.409] [DEBUG] cheese - admin
[2020-03-20T23:14:36.413] [DEBUG] cheese - null
[2020-03-20T23:14:36.413] [DEBUG] cheese - null
[2020-03-20T23:15:00.036] [DEBUG] cheese - login => username:sssss,password:ssssss
[2020-03-20T23:15:00.036] [DEBUG] cheese - sssss
[2020-03-20T23:15:00.039] [DEBUG] cheese - null
[2020-03-20T23:15:00.039] [DEBUG] cheese - null
[2020-03-20T23:15:00.111] [DEBUG] cheese - login => username:sssss,password:ssssss
[2020-03-20T23:15:00.111] [DEBUG] cheese - sssss
[2020-03-20T23:15:00.121] [DEBUG] cheese - null
[2020-03-20T23:15:00.121] [DEBUG] cheese - null
[2020-03-20T23:20:39.124] [DEBUG] cheese - login => username:admin,password:123456
[2020-03-20T23:20:39.124] [DEBUG] cheese - admin
[2020-03-20T23:20:39.126] [DEBUG] cheese - null
[2020-03-20T23:20:39.126] [DEBUG] cheese - null
[2020-03-20T23:20:43.087] [DEBUG] cheese - login => username:admin,password:123456s
[2020-03-20T23:20:43.088] [DEBUG] cheese - admin
[2020-03-20T23:20:43.092] [DEBUG] cheese - null
[2020-03-20T23:20:43.093] [DEBUG] cheese - null
[2020-03-20T23:20:43.199] [DEBUG] cheese - login => username:admin,password:123456s
[2020-03-20T23:20:43.199] [DEBUG] cheese - admin
[2020-03-20T23:20:43.202] [DEBUG] cheese - null
[2020-03-20T23:20:43.202] [DEBUG] cheese - null
[2020-03-20T23:20:57.217] [DEBUG] cheese - login => username:admin,password:123456s
[2020-03-20T23:20:57.217] [DEBUG] cheese - admin
[2020-03-20T23:20:57.219] [DEBUG] cheese - null
[2020-03-20T23:20:57.219] [DEBUG] cheese - null
[2020-03-20T23:22:27.492] [DEBUG] cheese - login => username:admin,password:sssssss
[2020-03-20T23:22:27.492] [DEBUG] cheese - admin
[2020-03-20T23:22:27.494] [DEBUG] cheese - null
[2020-03-20T23:22:27.494] [DEBUG] cheese - null
[2020-03-20T23:22:27.591] [DEBUG] cheese - login => username:admin,password:sssssss
[2020-03-20T23:22:27.592] [DEBUG] cheese - admin
[2020-03-20T23:22:27.595] [DEBUG] cheese - null
[2020-03-20T23:22:27.595] [DEBUG] cheese - null
[2020-03-20T23:26:28.476] [DEBUG] cheese - login => username:admin,password:sssssss
[2020-03-20T23:26:28.476] [DEBUG] cheese - admin
[2020-03-20T23:26:28.479] [DEBUG] cheese - null
[2020-03-20T23:26:28.479] [DEBUG] cheese - null
[2020-03-20T23:26:36.504] [DEBUG] cheese - login => username:admin,password:1234567
[2020-03-20T23:26:36.504] [DEBUG] cheese - admin
[2020-03-20T23:26:36.507] [DEBUG] cheese - null
[2020-03-20T23:26:36.507] [DEBUG] cheese - null
[2020-03-20T23:27:15.274] [DEBUG] cheese - login => username:admin,password:123456
[2020-03-20T23:27:15.274] [DEBUG] cheese - admin
[2020-03-20T23:27:15.277] [DEBUG] cheese - null
[2020-03-20T23:27:15.277] [DEBUG] cheese - null
[2020-03-20T23:27:17.411] [DEBUG] cheese - login => username:admin,password:1234561
[2020-03-20T23:27:17.411] [DEBUG] cheese - admin
[2020-03-20T23:27:17.415] [DEBUG] cheese - null
[2020-03-20T23:27:17.415] [DEBUG] cheese - null
[2020-03-20T23:27:17.514] [DEBUG] cheese - login => username:admin,password:1234561
[2020-03-20T23:27:17.514] [DEBUG] cheese - admin
[2020-03-20T23:27:17.518] [DEBUG] cheese - null
[2020-03-20T23:27:17.518] [DEBUG] cheese - null
[2020-03-20T23:27:25.118] [DEBUG] cheese - login => username:admin,password:1234561
[2020-03-20T23:27:25.118] [DEBUG] cheese - admin
[2020-03-20T23:27:25.120] [DEBUG] cheese - null
[2020-03-20T23:27:25.120] [DEBUG] cheese - null
[2020-03-20T23:27:27.113] [DEBUG] cheese - login => username:admin,password:1234561
[2020-03-20T23:27:27.113] [DEBUG] cheese - admin
[2020-03-20T23:27:27.116] [DEBUG] cheese - null
[2020-03-20T23:27:27.116] [DEBUG] cheese - null
[2020-03-20T23:28:41.409] [DEBUG] cheese - login => username:admin,password:1234561
[2020-03-20T23:28:41.409] [DEBUG] cheese - admin
[2020-03-20T23:28:41.412] [DEBUG] cheese - null
[2020-03-20T23:28:41.412] [DEBUG] cheese - null
[2020-03-20T23:28:44.090] [DEBUG] cheese - login => username:admin,password:1234561
[2020-03-20T23:28:44.090] [DEBUG] cheese - admin
[2020-03-20T23:28:44.093] [DEBUG] cheese - null
[2020-03-20T23:28:44.093] [DEBUG] cheese - null
[2020-03-20T23:28:47.195] [DEBUG] cheese - login => username:admin,password:1234561
[2020-03-20T23:28:47.195] [DEBUG] cheese - admin
[2020-03-20T23:28:47.198] [DEBUG] cheese - null
[2020-03-20T23:28:47.198] [DEBUG] cheese - null
[2020-03-20T23:28:49.258] [DEBUG] cheese - login => username:admin,password:1234561
[2020-03-20T23:28:49.258] [DEBUG] cheese - admin
[2020-03-20T23:28:49.260] [DEBUG] cheese - null
[2020-03-20T23:28:49.260] [DEBUG] cheese - null
[2020-03-20T23:28:52.566] [DEBUG] cheese - login => username:admin,password:1234561
[2020-03-20T23:28:52.566] [DEBUG] cheese - admin
[2020-03-20T23:28:52.568] [DEBUG] cheese - null
[2020-03-20T23:28:52.568] [DEBUG] cheese - null
[2020-03-20T23:28:55.738] [DEBUG] cheese - login => username:admin,password:1234561
[2020-03-20T23:28:55.738] [DEBUG] cheese - admin
[2020-03-20T23:28:55.741] [DEBUG] cheese - null
[2020-03-20T23:28:55.741] [DEBUG] cheese - null
[2020-03-20T23:28:59.364] [DEBUG] cheese - login => username:admins,password:1234561
[2020-03-20T23:28:59.365] [DEBUG] cheese - admins
[2020-03-20T23:28:59.366] [DEBUG] cheese - null
[2020-03-20T23:28:59.367] [DEBUG] cheese - null
[2020-03-20T23:32:40.946] [DEBUG] cheese - login => username:admin,password:1234567
[2020-03-20T23:32:40.946] [DEBUG] cheese - admin
[2020-03-20T23:32:40.948] [DEBUG] cheese - null
[2020-03-20T23:32:40.948] [DEBUG] cheese - null
[2020-03-20T23:32:43.290] [DEBUG] cheese - login => username:admin,password:123456
[2020-03-20T23:32:43.290] [DEBUG] cheese - admin
[2020-03-20T23:32:43.292] [DEBUG] cheese - null
[2020-03-20T23:32:43.292] [DEBUG] cheese - null
[2020-03-20T23:34:27.637] [DEBUG] cheese - login => username:admin,password:123456
[2020-03-20T23:34:27.637] [DEBUG] cheese - admin
[2020-03-20T23:34:27.640] [DEBUG] cheese - null
[2020-03-20T23:34:27.640] [DEBUG] cheese - null
[2020-03-20T23:42:25.573] [DEBUG] cheese - login => username:admin,password:123456
[2020-03-20T23:42:25.573] [DEBUG] cheese - admin
[2020-03-20T23:42:25.576] [DEBUG] cheese - null
[2020-03-20T23:42:25.576] [DEBUG] cheese - null
[2020-03-20T23:42:47.187] [DEBUG] cheese - login => username:admin,password:123456
[2020-03-20T23:42:47.187] [DEBUG] cheese - admin
[2020-03-20T23:42:47.189] [DEBUG] cheese - null
[2020-03-20T23:42:47.190] [DEBUG] cheese - null
[2020-03-20T23:42:53.692] [DEBUG] cheese - login => username:admin,password:123456
[2020-03-20T23:42:53.692] [DEBUG] cheese - admin
[2020-03-20T23:42:53.696] [DEBUG] cheese - null
[2020-03-20T23:42:53.696] [DEBUG] cheese - null
[2020-03-20T23:43:08.878] [DEBUG] cheese - login => username:admin,password:123456
[2020-03-20T23:43:08.878] [DEBUG] cheese - admin
[2020-03-20T23:43:08.880] [DEBUG] cheese - null
[2020-03-20T23:43:08.880] [DEBUG] cheese - null
[2020-03-20T23:44:21.487] [DEBUG] cheese - login => username:admin,password:123456
[2020-03-20T23:44:21.487] [DEBUG] cheese - admin
[2020-03-20T23:44:21.490] [DEBUG] cheese - null
[2020-03-20T23:44:21.491] [DEBUG] cheese - null
[2020-03-20T23:44:29.811] [DEBUG] cheese - login => username:admin,password:123456
[2020-03-20T23:44:29.812] [DEBUG] cheese - admin
[2020-03-20T23:44:29.814] [DEBUG] cheese - null
[2020-03-20T23:44:29.814] [DEBUG] cheese - null
[2020-03-20T23:44:45.799] [DEBUG] cheese - login => username:admin,password:123456
[2020-03-20T23:44:45.799] [DEBUG] cheese - admin
[2020-03-20T23:44:45.802] [DEBUG] cheese - null
[2020-03-20T23:44:45.803] [DEBUG] cheese - null
[2020-03-21T00:43:05.036] [DEBUG] cheese - login => username:admin,password:123456
[2020-03-21T00:43:05.037] [DEBUG] cheese - admin
[2020-03-21T00:43:40.486] [DEBUG] cheese - login => username:admin,password:123456
[2020-03-21T00:43:40.486] [DEBUG] cheese - admin
[2020-03-21T00:43:40.507] [DEBUG] cheese - login => username:admin,password:123456
[2020-03-21T00:43:40.507] [DEBUG] cheese - admin
[2020-03-21T00:43:40.511] [DEBUG] cheese - null
[2020-03-21T00:43:40.511] [DEBUG] cheese - null
[2020-03-21T00:43:40.616] [DEBUG] cheese - null
[2020-03-21T00:43:40.617] [DEBUG] cheese - null
[2020-03-21T00:43:40.760] [DEBUG] cheese - null
[2020-03-21T00:43:40.761] [DEBUG] cheese - null
[2020-03-21T00:43:58.762] [DEBUG] cheese - login => username:admin,password:123456
[2020-03-21T00:43:58.764] [DEBUG] cheese - admin
[2020-03-21T00:43:58.780] [DEBUG] cheese - null
[2020-03-21T00:43:58.781] [DEBUG] cheese - null
[2020-03-21T01:15:05.169] [DEBUG] cheese - login => username:admin,password:123456
[2020-03-21T01:15:05.169] [DEBUG] cheese - admin
[2020-03-21T01:15:05.181] [DEBUG] cheese - null
[2020-03-21T01:15:05.181] [DEBUG] cheese - null
[2020-03-21T01:18:35.715] [DEBUG] cheese - login => username:admin,password:123456
[2020-03-21T01:18:35.715] [DEBUG] cheese - admin
[2020-03-21T01:18:35.720] [DEBUG] cheese - null
[2020-03-21T01:18:35.720] [DEBUG] cheese - null
[2020-03-21T01:33:20.217] [DEBUG] cheese - login => username:admin,password:123456
[2020-03-21T01:33:20.218] [DEBUG] cheese - admin
[2020-03-21T01:33:20.232] [DEBUG] cheese - null
[2020-03-21T01:33:20.232] [DEBUG] cheese - null
[2020-03-21T01:34:13.020] [DEBUG] cheese - login => username:admin,password:123456
[2020-03-21T01:34:13.020] [DEBUG] cheese - admin
[2020-03-21T01:34:13.024] [DEBUG] cheese - null
[2020-03-21T01:34:13.024] [DEBUG] cheese - null
[2020-03-21T01:35:07.390] [DEBUG] cheese - login => username:admin,password:123456
[2020-03-21T01:35:07.390] [DEBUG] cheese - admin
[2020-03-21T01:35:07.399] [DEBUG] cheese - null
[2020-03-21T01:35:07.399] [DEBUG] cheese - null
[2020-03-21T01:37:35.596] [DEBUG] cheese - login => username:admin,password:123456
[2020-03-21T01:37:35.596] [DEBUG] cheese - admin
[2020-03-21T01:37:35.600] [DEBUG] cheese - null
[2020-03-21T01:37:35.601] [DEBUG] cheese - null
[2020-03-21T01:38:15.947] [DEBUG] cheese - login => username:admin,password:123456
[2020-03-21T01:38:15.947] [DEBUG] cheese - admin
[2020-03-21T01:38:15.954] [DEBUG] cheese - null
[2020-03-21T01:38:15.954] [DEBUG] cheese - null
[2020-03-21T01:38:48.543] [DEBUG] cheese - login => username:admin,password:123456
[2020-03-21T01:38:48.544] [DEBUG] cheese - admin
[2020-03-21T01:38:48.548] [DEBUG] cheese - null
[2020-03-21T01:38:48.548] [DEBUG] cheese - null
[2020-03-21T01:41:40.910] [DEBUG] cheese - login => username:admin,password:123456
[2020-03-21T01:41:40.911] [DEBUG] cheese - admin
[2020-03-21T01:41:40.917] [DEBUG] cheese - null
[2020-03-21T01:41:40.917] [DEBUG] cheese - null
[2020-03-21T01:42:16.968] [DEBUG] cheese - login => username:admin,password:123456
[2020-03-21T01:42:16.968] [DEBUG] cheese - admin
[2020-03-21T01:42:16.972] [DEBUG] cheese - null
[2020-03-21T01:42:16.972] [DEBUG] cheese - null
[2020-03-21T01:52:40.045] [DEBUG] cheese - login => username:admin,password:123456
[2020-03-21T01:52:40.046] [DEBUG] cheese - admin
[2020-03-21T01:52:40.054] [DEBUG] cheese - null
[2020-03-21T01:52:40.055] [DEBUG] cheese - null
[2020-03-21T01:56:02.591] [DEBUG] cheese - login => username:admin,password:123456
[2020-03-21T01:56:02.591] [DEBUG] cheese - admin
[2020-03-21T01:56:02.597] [DEBUG] cheese - null
[2020-03-21T01:56:02.597] [DEBUG] cheese - null
[2020-03-21T01:57:41.336] [DEBUG] cheese - login => username:admin,password:123456
[2020-03-21T01:57:41.337] [DEBUG] cheese - admin
[2020-03-21T01:57:41.341] [DEBUG] cheese - null
[2020-03-21T01:57:41.341] [DEBUG] cheese - null
[2020-03-21T10:59:22.472] [DEBUG] cheese - login => username:admin,password:123456
[2020-03-21T10:59:22.473] [DEBUG] cheese - admin
[2020-03-21T10:59:22.489] [DEBUG] cheese - null
[2020-03-21T10:59:22.489] [DEBUG] cheese - null
[2020-03-21T11:24:10.634] [DEBUG] cheese - login => username:admin,password:123456
[2020-03-21T11:24:10.635] [DEBUG] cheese - admin
[2020-03-21T11:24:10.639] [DEBUG] cheese - null
[2020-03-21T11:24:10.639] [DEBUG] cheese - null
[2020-03-21T22:43:41.137] [DEBUG] cheese - login => username:admin,password:123456
[2020-03-21T22:43:41.140] [DEBUG] cheese - admin
[2020-03-21T22:43:41.147] [DEBUG] cheese - null
[2020-03-21T22:43:41.147] [DEBUG] cheese - null
[2020-03-21T22:45:16.530] [DEBUG] cheese - login => username:admin,password:123456
[2020-03-21T22:45:16.531] [DEBUG] cheese - admin
[2020-03-21T22:45:16.535] [DEBUG] cheese - null
[2020-03-21T22:45:16.535] [DEBUG] cheese - null
[2020-03-21T22:45:51.804] [DEBUG] cheese - login => username:admin,password:123456
[2020-03-21T22:45:51.804] [DEBUG] cheese - admin
[2020-03-21T22:45:51.809] [DEBUG] cheese - null
[2020-03-21T22:45:51.809] [DEBUG] cheese - null
[2020-03-21T22:46:36.592] [DEBUG] cheese - login => username:admin,password:123456
[2020-03-21T22:46:36.592] [DEBUG] cheese - admin
[2020-03-21T22:46:36.598] [DEBUG] cheese - null
[2020-03-21T22:46:36.598] [DEBUG] cheese - null
[2020-03-21T22:47:44.138] [DEBUG] cheese - login => username:admin,password:123456
[2020-03-21T22:47:44.138] [DEBUG] cheese - admin
[2020-03-21T22:47:44.151] [DEBUG] cheese - null
[2020-03-21T22:47:44.151] [DEBUG] cheese - null
[2020-03-21T22:48:03.220] [DEBUG] cheese - login => username:admin,password:123456
[2020-03-21T22:48:03.220] [DEBUG] cheese - admin
[2020-03-21T22:48:03.224] [DEBUG] cheese - null
[2020-03-21T22:48:03.224] [DEBUG] cheese - null
[2020-03-21T22:49:29.388] [DEBUG] cheese - login => username:admin,password:123456
[2020-03-21T22:49:29.388] [DEBUG] cheese - admin
[2020-03-21T22:49:29.393] [DEBUG] cheese - null
[2020-03-21T22:49:29.393] [DEBUG] cheese - null
[2020-03-21T22:50:28.968] [DEBUG] cheese - login => username:admin,password:123456
[2020-03-21T22:50:28.968] [DEBUG] cheese - admin
[2020-03-21T22:50:28.972] [DEBUG] cheese - null
[2020-03-21T22:50:28.972] [DEBUG] cheese - null
[2020-03-21T22:51:12.441] [DEBUG] cheese - login => username:admin,password:123456
[2020-03-21T22:51:12.442] [DEBUG] cheese - admin
[2020-03-21T22:51:12.448] [DEBUG] cheese - null
[2020-03-21T22:51:12.448] [DEBUG] cheese - null
[2020-03-21T22:51:51.135] [DEBUG] cheese - login => username:admin,password:123456
[2020-03-21T22:51:51.135] [DEBUG] cheese - admin
[2020-03-21T22:51:51.143] [DEBUG] cheese - null
[2020-03-21T22:51:51.143] [DEBUG] cheese - null
[2020-03-21T22:52:46.233] [DEBUG] cheese - login => username:admin,password:123456
[2020-03-21T22:52:46.233] [DEBUG] cheese - admin
[2020-03-21T22:52:46.238] [DEBUG] cheese - null
[2020-03-21T22:52:46.238] [DEBUG] cheese - null
[2020-03-21T22:59:14.878] [DEBUG] cheese - login => username:admin,password:123456
[2020-03-21T22:59:14.878] [DEBUG] cheese - admin
[2020-03-21T22:59:14.884] [DEBUG] cheese - null
[2020-03-21T22:59:14.884] [DEBUG] cheese - null
[2020-03-21T23:00:20.319] [DEBUG] cheese - login => username:admin,password:123456
[2020-03-21T23:00:20.319] [DEBUG] cheese - admin
[2020-03-21T23:00:20.322] [DEBUG] cheese - null
[2020-03-21T23:00:20.323] [DEBUG] cheese - null
[2020-03-21T23:00:27.402] [DEBUG] cheese - login => username:admin,password:123456
[2020-03-21T23:00:27.402] [DEBUG] cheese - admin
[2020-03-21T23:00:27.406] [DEBUG] cheese - null
[2020-03-21T23:00:27.406] [DEBUG] cheese - null
[2020-03-21T23:01:42.443] [DEBUG] cheese - login => username:admin,password:123456
[2020-03-21T23:01:42.443] [DEBUG] cheese - admin
[2020-03-21T23:01:42.447] [DEBUG] cheese - null
[2020-03-21T23:01:42.447] [DEBUG] cheese - null
[2020-03-21T23:47:36.370] [DEBUG] cheese - login => username:admin,password:123456
[2020-03-21T23:47:36.371] [DEBUG] cheese - admin
[2020-03-21T23:47:36.375] [DEBUG] cheese - null
[2020-03-21T23:47:36.375] [DEBUG] cheese - null
[2020-03-21T23:48:23.844] [DEBUG] cheese - login => username:admin,password:123456
[2020-03-21T23:48:23.844] [DEBUG] cheese - admin
[2020-03-21T23:48:23.848] [DEBUG] cheese - null
[2020-03-21T23:48:23.848] [DEBUG] cheese - null
[2020-03-21T23:48:49.127] [DEBUG] cheese - login => username:admin,password:123456
[2020-03-21T23:48:49.127] [DEBUG] cheese - admin
[2020-03-21T23:48:49.131] [DEBUG] cheese - null
[2020-03-21T23:48:49.131] [DEBUG] cheese - null
[2020-03-21T23:49:07.510] [DEBUG] cheese - login => username:admin,password:123456
[2020-03-21T23:49:07.510] [DEBUG] cheese - admin
[2020-03-21T23:49:07.514] [DEBUG] cheese - null
[2020-03-21T23:49:07.514] [DEBUG] cheese - null
[2020-03-22T09:11:52.486] [DEBUG] cheese - login => username:admin,password:123456
[2020-03-22T09:11:52.487] [DEBUG] cheese - admin
[2020-03-22T09:11:52.506] [DEBUG] cheese - null
[2020-03-22T09:11:52.507] [DEBUG] cheese - null
[2020-03-22T22:32:25.967] [DEBUG] cheese - login => username:admin,password:123456
[2020-03-22T22:32:25.970] [DEBUG] cheese - admin
[2020-03-22T22:32:25.992] [DEBUG] cheese - null
[2020-03-22T22:32:25.992] [DEBUG] cheese - null
[2020-03-23T09:45:33.225] [DEBUG] cheese - login => username:admin,password:123456
[2020-03-23T09:45:33.226] [DEBUG] cheese - admin
[2020-03-23T09:45:33.238] [DEBUG] cheese - null
[2020-03-23T09:45:33.238] [DEBUG] cheese - null
[2020-03-23T10:22:09.591] [DEBUG] cheese - null
[2020-03-23T10:24:49.450] [DEBUG] cheese - null
[2020-03-23T10:25:18.031] [DEBUG] cheese - null
[2020-03-23T10:25:36.033] [DEBUG] cheese - null
[2020-03-23T10:31:58.090] [DEBUG] cheese - null
[2020-03-23T10:33:42.773] [DEBUG] cheese - null
[2020-03-23T10:33:45.504] [DEBUG] cheese - null
[2020-03-23T14:48:13.487] [DEBUG] cheese - login => username:admin,password:123456
[2020-03-23T14:48:13.488] [DEBUG] cheese - admin
[2020-03-23T14:48:13.491] [DEBUG] cheese - null
[2020-03-23T14:48:13.491] [DEBUG] cheese - null
[2020-03-24T08:52:54.065] [DEBUG] cheese - login => username:admin,password:123456
[2020-03-24T08:52:54.066] [DEBUG] cheese - admin
[2020-03-24T08:52:54.080] [DEBUG] cheese - null
[2020-03-24T08:52:54.080] [DEBUG] cheese - null
[2020-03-24T23:00:33.069] [DEBUG] cheese - login => username:admin,password:123456
[2020-03-24T23:00:33.071] [DEBUG] cheese - admin
[2020-03-24T23:00:33.110] [DEBUG] cheese - null
[2020-03-24T23:00:33.111] [DEBUG] cheese - null
[2020-03-25T09:33:19.575] [DEBUG] cheese - login => username:admin,password:123456
[2020-03-25T09:33:19.577] [DEBUG] cheese - admin
[2020-03-25T09:33:19.588] [DEBUG] cheese - null
[2020-03-25T09:33:19.588] [DEBUG] cheese - null
[2020-03-25T19:44:43.767] [DEBUG] cheese - null
[2020-03-25T19:58:07.157] [DEBUG] cheese - null
[2020-03-25T22:57:54.701] [DEBUG] cheese - login => username:admin,password:123456
[2020-03-25T22:57:54.703] [DEBUG] cheese - admin
[2020-03-25T22:57:54.709] [DEBUG] cheese - null
[2020-03-25T22:57:54.710] [DEBUG] cheese - null
[2020-03-26T15:24:07.913] [DEBUG] cheese - login => username:admin,password:123456
[2020-03-26T15:24:07.919] [DEBUG] cheese - admin
[2020-03-26T15:24:07.937] [DEBUG] cheese - login => username:admin,password:123456
[2020-03-26T15:24:07.937] [DEBUG] cheese - admin
[2020-03-26T15:24:07.952] [DEBUG] cheese - null
[2020-03-26T15:24:07.953] [DEBUG] cheese - null
[2020-03-26T15:24:08.140] [DEBUG] cheese - null
[2020-03-26T15:24:08.140] [DEBUG] cheese - null
[2020-03-26T16:21:06.525] [DEBUG] cheese - login => username:admin,password:123456
[2020-03-26T16:21:06.527] [DEBUG] cheese - admin
[2020-03-26T16:21:06.536] [DEBUG] cheese - null
[2020-03-26T16:21:06.536] [DEBUG] cheese - null
[2020-03-26T18:43:57.248] [DEBUG] cheese - login => username:admin,password:123456
[2020-03-26T18:43:57.251] [DEBUG] cheese - admin
[2020-03-26T18:43:57.273] [DEBUG] cheese - null
[2020-03-26T18:43:57.273] [DEBUG] cheese - null
[2020-03-26T19:46:58.922] [DEBUG] cheese - login => username:admin,password:123456
[2020-03-26T19:46:58.924] [DEBUG] cheese - admin
[2020-03-26T19:46:58.972] [DEBUG] cheese - null
[2020-03-26T19:46:58.973] [DEBUG] cheese - null
[2020-03-26T20:02:09.287] [DEBUG] cheese - login => username:admin,password:123456
[2020-03-26T20:02:09.290] [DEBUG] cheese - admin
[2020-03-26T20:02:09.315] [DEBUG] cheese - null
[2020-03-26T20:02:09.316] [DEBUG] cheese - null
[2020-03-26T20:13:19.403] [DEBUG] cheese - login => username:admin,password:123456
[2020-03-26T20:13:19.405] [DEBUG] cheese - admin
[2020-03-26T20:13:19.418] [DEBUG] cheese - null
[2020-03-26T20:13:19.418] [DEBUG] cheese - null
[2020-03-26T21:35:44.240] [DEBUG] cheese - login => username:admin,password:123456
[2020-03-26T21:35:44.241] [DEBUG] cheese - admin
[2020-03-26T21:35:44.257] [DEBUG] cheese - null
[2020-03-26T21:35:44.257] [DEBUG] cheese - null
[2022-10-20T05:28:37.396] [DEBUG] cheese - login => username:123,password:456
[2022-10-20T05:28:37.403] [DEBUG] cheese - 123
[2022-10-20T05:28:37.413] [DEBUG] cheese - null
[2022-10-20T05:28:37.414] [DEBUG] cheese - null
[2022-10-20T05:29:06.212] [DEBUG] cheese - login => username:zs,password:123456
[2022-10-20T05:29:06.212] [DEBUG] cheese - zs
[2022-10-20T05:29:06.216] [DEBUG] cheese - null
[2022-10-20T05:29:06.216] [DEBUG] cheese - null
[2022-10-20T05:30:10.379] [DEBUG] cheese - login => username:zce,password:zce
[2022-10-20T05:30:10.379] [DEBUG] cheese - zce
[2022-10-20T05:30:10.382] [DEBUG] cheese - null
[2022-10-20T05:30:10.382] [DEBUG] cheese - null
[2022-10-20T05:30:20.678] [DEBUG] cheese - login => username:ww,password:ww
[2022-10-20T05:30:20.679] [DEBUG] cheese - ww
[2022-10-20T05:30:20.680] [DEBUG] cheese - null
[2022-10-20T05:30:20.680] [DEBUG] cheese - null
[2022-10-20T05:40:43.403] [DEBUG] cheese - login => username:admin,password:123456
[2022-10-20T05:40:43.403] [DEBUG] cheese - admin
[2022-10-20T05:40:43.409] [DEBUG] cheese - null
[2022-10-20T05:40:43.409] [DEBUG] cheese - null
[2022-10-20T22:10:13.551] [DEBUG] cheese - login => username:admin,password:123456
[2022-10-20T22:10:13.552] [DEBUG] cheese - admin
[2022-10-20T22:10:13.579] [DEBUG] cheese - null
[2022-10-20T22:10:13.579] [DEBUG] cheese - null
[2022-10-20T22:12:27.880] [DEBUG] cheese - login => username:ewqeqweqw,password:eqweqweqwqw
[2022-10-20T22:12:27.880] [DEBUG] cheese - ewqeqweqw
[2022-10-20T22:12:27.885] [DEBUG] cheese - null
[2022-10-20T22:12:27.886] [DEBUG] cheese - null
[2022-10-20T22:48:41.347] [DEBUG] cheese - login => username:qewqeq,password:qeqweqewq
[2022-10-20T22:48:41.348] [DEBUG] cheese - qewqeq
[2022-10-20T22:48:41.357] [DEBUG] cheese - null
[2022-10-20T22:48:41.357] [DEBUG] cheese - null
[2022-10-20T22:49:05.006] [DEBUG] cheese - login => username:qeqweqweq,password:weqweqweew
[2022-10-20T22:49:05.006] [DEBUG] cheese - qeqweqweq
[2022-10-20T22:49:05.008] [DEBUG] cheese - null
[2022-10-20T22:49:05.008] [DEBUG] cheese - null
[2022-10-20T22:49:13.214] [DEBUG] cheese - login => username:eqeqweqw,password:eqweqweqeww
[2022-10-20T22:49:13.214] [DEBUG] cheese - eqeqweqw
[2022-10-20T22:49:13.216] [DEBUG] cheese - null
[2022-10-20T22:49:13.216] [DEBUG] cheese - null
[2022-10-20T22:49:28.496] [DEBUG] cheese - login => username:admin,password:123456
[2022-10-20T22:49:28.496] [DEBUG] cheese - admin
[2022-10-20T22:49:28.499] [DEBUG] cheese - null
[2022-10-20T22:49:28.499] [DEBUG] cheese - null
[2022-10-20T22:53:29.383] [DEBUG] cheese - login => username:admin,password:123456
[2022-10-20T22:53:29.383] [DEBUG] cheese - admin
[2022-10-20T22:53:29.389] [DEBUG] cheese - null
[2022-10-20T22:53:29.389] [DEBUG] cheese - null
[2022-10-20T23:04:50.991] [DEBUG] cheese - login => username:ewqeqweqw,password:ewqeqwewqewq
[2022-10-20T23:04:50.992] [DEBUG] cheese - ewqeqweqw
[2022-10-20T23:04:50.998] [DEBUG] cheese - null
[2022-10-20T23:04:50.998] [DEBUG] cheese - null
[2022-10-20T23:04:55.628] [DEBUG] cheese - login => username:ewqeqweqw,password:ewqeqwewqewq
[2022-10-20T23:04:55.628] [DEBUG] cheese - ewqeqweqw
[2022-10-20T23:04:55.630] [DEBUG] cheese - null
[2022-10-20T23:04:55.630] [DEBUG] cheese - null
[2022-10-20T23:05:46.599] [DEBUG] cheese - login => username:eqweqwe,password:qeqwewqewq
[2022-10-20T23:05:46.600] [DEBUG] cheese - eqweqwe
[2022-10-20T23:05:46.604] [DEBUG] cheese - null
[2022-10-20T23:05:46.604] [DEBUG] cheese - null
[2022-10-20T23:07:02.550] [DEBUG] cheese - login => username:eqwewqe,password:wqeqweqwewq
[2022-10-20T23:07:02.550] [DEBUG] cheese - eqwewqe
[2022-10-20T23:07:02.552] [DEBUG] cheese - null
[2022-10-20T23:07:02.552] [DEBUG] cheese - null
[2022-10-20T23:07:05.099] [DEBUG] cheese - login => username:eqwewqe,password:wqeqweqwewq
[2022-10-20T23:07:05.099] [DEBUG] cheese - eqwewqe
[2022-10-20T23:07:05.101] [DEBUG] cheese - null
[2022-10-20T23:07:05.101] [DEBUG] cheese - null
[2022-10-20T23:07:18.191] [DEBUG] cheese - login => username:ewqeqw,password:eqwewqewqe
[2022-10-20T23:07:18.191] [DEBUG] cheese - ewqeqw
[2022-10-20T23:07:18.196] [DEBUG] cheese - null
[2022-10-20T23:07:18.197] [DEBUG] cheese - null
[2022-10-20T23:07:44.263] [DEBUG] cheese - login => username:eqweqweq,password:wewqewqeqw
[2022-10-20T23:07:44.263] [DEBUG] cheese - eqweqweq
[2022-10-20T23:07:44.265] [DEBUG] cheese - null
[2022-10-20T23:07:44.265] [DEBUG] cheese - null
[2022-10-20T23:07:54.254] [DEBUG] cheese - login => username:ewqeqw,password:eqwewqewq
[2022-10-20T23:07:54.254] [DEBUG] cheese - ewqeqw
[2022-10-20T23:07:54.256] [DEBUG] cheese - null
[2022-10-20T23:07:54.256] [DEBUG] cheese - null
[2022-10-20T23:07:55.819] [DEBUG] cheese - login => username:ewqeqw,password:eqwewqewq
[2022-10-20T23:07:55.819] [DEBUG] cheese - ewqeqw
[2022-10-20T23:07:55.824] [DEBUG] cheese - null
[2022-10-20T23:07:55.824] [DEBUG] cheese - null
[2022-10-20T23:08:08.879] [DEBUG] cheese - login => username:eqewqewq,password:ewqeqwewqwewq
[2022-10-20T23:08:08.879] [DEBUG] cheese - eqewqewq
[2022-10-20T23:08:08.881] [DEBUG] cheese - null
[2022-10-20T23:08:08.881] [DEBUG] cheese - null
[2022-10-20T23:08:37.896] [DEBUG] cheese - login => username:eqweqw,password:eqwewqeqwewq
[2022-10-20T23:08:37.896] [DEBUG] cheese - eqweqw
[2022-10-20T23:08:37.897] [DEBUG] cheese - null
[2022-10-20T23:08:37.898] [DEBUG] cheese - null
[2022-10-20T23:08:54.550] [DEBUG] cheese - login => username:eqweqw,password:eqwewewqewqeqw
[2022-10-20T23:08:54.550] [DEBUG] cheese - eqweqw
[2022-10-20T23:08:54.552] [DEBUG] cheese - null
[2022-10-20T23:08:54.552] [DEBUG] cheese - null
[2022-10-20T23:09:22.273] [DEBUG] cheese - login => username:eqweqwe,password:eqweqwewqewq
[2022-10-20T23:09:22.273] [DEBUG] cheese - eqweqwe
[2022-10-20T23:09:22.275] [DEBUG] cheese - null
[2022-10-20T23:09:22.276] [DEBUG] cheese - null
[2022-10-20T23:09:49.630] [DEBUG] cheese - login => username:qeqwewqeqw,password:ewqeqwewqeqwe
[2022-10-20T23:09:49.630] [DEBUG] cheese - qeqwewqeqw
[2022-10-20T23:09:49.632] [DEBUG] cheese - null
[2022-10-20T23:09:49.632] [DEBUG] cheese - null
[2022-10-20T23:11:48.287] [DEBUG] cheese - login => username:qeqwe,password:qweqweqweqwewq
[2022-10-20T23:11:48.287] [DEBUG] cheese - qeqwe
[2022-10-20T23:11:48.289] [DEBUG] cheese - null
[2022-10-20T23:11:48.289] [DEBUG] cheese - null
[2022-10-20T23:14:25.190] [DEBUG] cheese - login => username:ewqeqwe,password:qweqweqwewq
[2022-10-20T23:14:25.190] [DEBUG] cheese - ewqeqwe
[2022-10-20T23:14:25.201] [DEBUG] cheese - null
[2022-10-20T23:14:25.201] [DEBUG] cheese - null
[2022-10-20T23:14:40.870] [DEBUG] cheese - login => username:eqwewqe,password:wqeqwewqeqw
[2022-10-20T23:14:40.870] [DEBUG] cheese - eqwewqe
[2022-10-20T23:14:40.872] [DEBUG] cheese - null
[2022-10-20T23:14:40.872] [DEBUG] cheese - null
[2022-10-20T23:17:30.144] [DEBUG] cheese - login => username:eqweqweqw,password:eqweqweqwewq
[2022-10-20T23:17:30.144] [DEBUG] cheese - eqweqweqw
[2022-10-20T23:17:30.149] [DEBUG] cheese - null
[2022-10-20T23:17:30.149] [DEBUG] cheese - null
[2022-10-20T23:18:56.581] [DEBUG] cheese - login => username:eqwewqewqe,password:wqeqweqwewqqw
[2022-10-20T23:18:56.581] [DEBUG] cheese - eqwewqewqe
[2022-10-20T23:18:56.586] [DEBUG] cheese - null
[2022-10-20T23:18:56.586] [DEBUG] cheese - null
[2022-10-20T23:23:06.133] [DEBUG] cheese - login => username:ewrwerwe,password:rwerwerew
[2022-10-20T23:23:06.133] [DEBUG] cheese - ewrwerwe
[2022-10-20T23:23:06.137] [DEBUG] cheese - null
[2022-10-20T23:23:06.137] [DEBUG] cheese - null
[2022-10-20T23:24:39.559] [DEBUG] cheese - login => username:eqweqwewqe,password:qwewqeqwewqeq
[2022-10-20T23:24:39.560] [DEBUG] cheese - eqweqwewqe
[2022-10-20T23:24:39.564] [DEBUG] cheese - null
[2022-10-20T23:24:39.565] [DEBUG] cheese - null
[2022-10-20T23:24:52.710] [DEBUG] cheese - login => username:drqeqwe,password:wqeqweqweqwewq
[2022-10-20T23:24:52.710] [DEBUG] cheese - drqeqwe
[2022-10-20T23:24:52.712] [DEBUG] cheese - null
[2022-10-20T23:24:52.712] [DEBUG] cheese - null
[2022-10-20T23:25:03.837] [DEBUG] cheese - login => username:eqweqwewqeqw,password:eqweqweqeqwewq
[2022-10-20T23:25:03.837] [DEBUG] cheese - eqweqwewqeqw
[2022-10-20T23:25:03.839] [DEBUG] cheese - null
[2022-10-20T23:25:03.839] [DEBUG] cheese - null
[2022-10-20T23:26:31.336] [DEBUG] cheese - login => username:eqwewqewqewq,password:eqweqweqwewq
[2022-10-20T23:26:31.336] [DEBUG] cheese - eqwewqewqewq
[2022-10-20T23:26:31.337] [DEBUG] cheese - null
[2022-10-20T23:26:31.337] [DEBUG] cheese - null
[2022-10-20T23:28:05.862] [DEBUG] cheese - login => username:ewqewqeqwe,password:qweqweqwewqe
[2022-10-20T23:28:05.862] [DEBUG] cheese - ewqewqeqwe
[2022-10-20T23:28:05.864] [DEBUG] cheese - null
[2022-10-20T23:28:05.864] [DEBUG] cheese - null
[2022-10-20T23:28:29.609] [DEBUG] cheese - login => username:eqweqwewq,password:ewqeqweqweqwwq
[2022-10-20T23:28:29.609] [DEBUG] cheese - eqweqwewq
[2022-10-20T23:28:29.610] [DEBUG] cheese - null
[2022-10-20T23:28:29.610] [DEBUG] cheese - null
[2022-10-20T23:29:38.575] [DEBUG] cheese - login => username:rwrwe,password:rwerewrwerewrew
[2022-10-20T23:29:38.575] [DEBUG] cheese - rwrwe
[2022-10-20T23:29:38.577] [DEBUG] cheese - null
[2022-10-20T23:29:38.577] [DEBUG] cheese - null
[2022-10-20T23:30:01.672] [DEBUG] cheese - login => username:wrwerwer,password:werwerewrwerew
[2022-10-20T23:30:01.672] [DEBUG] cheese - wrwerwer
[2022-10-20T23:30:01.675] [DEBUG] cheese - null
[2022-10-20T23:30:01.675] [DEBUG] cheese - null
[2022-10-20T23:30:22.566] [DEBUG] cheese - login => username:eqweqw,password:eqweqweqeqwewq
[2022-10-20T23:30:22.566] [DEBUG] cheese - eqweqw
[2022-10-20T23:30:22.569] [DEBUG] cheese - null
[2022-10-20T23:30:22.569] [DEBUG] cheese - null
[2022-10-20T23:31:11.527] [DEBUG] cheese - login => username:eqweqwew,password:qeqwewqewqewq
[2022-10-20T23:31:11.527] [DEBUG] cheese - eqweqwew
[2022-10-20T23:31:11.528] [DEBUG] cheese - null
[2022-10-20T23:31:11.528] [DEBUG] cheese - null
[2022-10-20T23:31:38.007] [DEBUG] cheese - login => username:eqweqwe,password:wqewqeqwewqqwe
[2022-10-20T23:31:38.007] [DEBUG] cheese - eqweqwe
[2022-10-20T23:31:38.009] [DEBUG] cheese - null
[2022-10-20T23:31:38.009] [DEBUG] cheese - null
[2022-10-20T23:33:06.158] [DEBUG] cheese - login => username:eqweqwe,password:wqewqeqwewqqwe
[2022-10-20T23:33:06.158] [DEBUG] cheese - eqweqwe
[2022-10-20T23:33:06.160] [DEBUG] cheese - null
[2022-10-20T23:33:06.160] [DEBUG] cheese - null
[2022-10-20T23:41:14.478] [DEBUG] cheese - login => username:admin,password:123456
[2022-10-20T23:41:14.478] [DEBUG] cheese - admin
[2022-10-20T23:41:14.487] [DEBUG] cheese - null
[2022-10-20T23:41:14.487] [DEBUG] cheese - null
[2022-10-20T23:45:07.728] [DEBUG] cheese - login => username:admin,password:123456
[2022-10-20T23:45:07.728] [DEBUG] cheese - admin
[2022-10-20T23:45:07.733] [DEBUG] cheese - null
[2022-10-20T23:45:07.734] [DEBUG] cheese - null
[2022-10-20T23:45:11.148] [DEBUG] cheese - login => username:admin,password:123456
[2022-10-20T23:45:11.148] [DEBUG] cheese - admin
[2022-10-20T23:45:11.152] [DEBUG] cheese - null
[2022-10-20T23:45:11.152] [DEBUG] cheese - null
[2022-10-20T23:46:06.374] [DEBUG] cheese - login => username:admin,password:123456
[2022-10-20T23:46:06.374] [DEBUG] cheese - admin
[2022-10-20T23:46:06.376] [DEBUG] cheese - null
[2022-10-20T23:46:06.376] [DEBUG] cheese - null
[2022-10-20T23:49:02.390] [DEBUG] cheese - login => username:admin,password:123456
[2022-10-20T23:49:02.390] [DEBUG] cheese - admin
[2022-10-20T23:49:02.397] [DEBUG] cheese - null
[2022-10-20T23:49:02.397] [DEBUG] cheese - null
[2022-10-21T15:58:44.318] [DEBUG] cheese - login => username:admin,password:123456
[2022-10-21T15:58:44.319] [DEBUG] cheese - admin
[2022-10-21T15:58:44.353] [DEBUG] cheese - null
[2022-10-21T15:58:44.353] [DEBUG] cheese - null
[2022-10-21T16:00:45.448] [DEBUG] cheese - login => username:admin,password:123456
[2022-10-21T16:00:45.449] [DEBUG] cheese - admin
[2022-10-21T16:00:45.458] [DEBUG] cheese - null
[2022-10-21T16:00:45.458] [DEBUG] cheese - null
[2022-10-21T16:06:49.251] [DEBUG] cheese - login => username:admin,password:123456
[2022-10-21T16:06:49.251] [DEBUG] cheese - admin
[2022-10-21T16:06:49.260] [DEBUG] cheese - null
[2022-10-21T16:06:49.260] [DEBUG] cheese - null
[2022-10-21T16:56:02.912] [DEBUG] cheese - login => username:admin,password:123456
[2022-10-21T16:56:02.913] [DEBUG] cheese - admin
[2022-10-21T16:56:02.925] [DEBUG] cheese - null
[2022-10-21T16:56:02.926] [DEBUG] cheese - null
[2022-10-22T04:49:44.997] [DEBUG] cheese - login => username:admin,password:123456
[2022-10-22T04:49:44.998] [DEBUG] cheese - admin
[2022-10-22T04:49:45.055] [DEBUG] cheese - null
[2022-10-22T04:49:45.055] [DEBUG] cheese - null
[2022-10-22T18:05:58.648] [DEBUG] cheese - login => username:admin,password:123456
[2022-10-22T18:05:58.650] [DEBUG] cheese - admin
[2022-10-22T18:05:58.672] [DEBUG] cheese - null
[2022-10-22T18:05:58.674] [DEBUG] cheese - null
[2022-10-22T18:20:35.632] [DEBUG] cheese - login => username:admin,password:123456
[2022-10-22T18:20:35.632] [DEBUG] cheese - admin
[2022-10-22T18:20:35.638] [DEBUG] cheese - null
[2022-10-22T18:20:35.638] [DEBUG] cheese - null
[2022-10-22T18:26:57.126] [DEBUG] cheese - login => username:admin,password:123456
[2022-10-22T18:26:57.126] [DEBUG] cheese - admin
[2022-10-22T18:26:57.146] [DEBUG] cheese - null
[2022-10-22T18:26:57.146] [DEBUG] cheese - null
[2022-10-22T18:27:11.003] [DEBUG] cheese - login => username:admin,password:123456
[2022-10-22T18:27:11.003] [DEBUG] cheese - admin
[2022-10-22T18:27:11.009] [DEBUG] cheese - null
[2022-10-22T18:27:11.009] [DEBUG] cheese - null
[2022-10-22T18:29:50.573] [DEBUG] cheese - login => username:admin,password:123456
[2022-10-22T18:29:50.573] [DEBUG] cheese - admin
[2022-10-22T18:29:50.581] [DEBUG] cheese - null
[2022-10-22T18:29:50.582] [DEBUG] cheese - null
[2022-10-24T02:29:38.269] [DEBUG] cheese - login => username:admin,password:123456
[2022-10-24T02:29:38.270] [DEBUG] cheese - admin
[2022-10-24T02:29:38.289] [DEBUG] cheese - null
[2022-10-24T02:29:38.289] [DEBUG] cheese - null
[2022-10-24T04:53:18.950] [DEBUG] cheese - login => username:admin,password:123456
[2022-10-24T04:53:18.951] [DEBUG] cheese - admin
[2022-10-24T04:53:18.967] [DEBUG] cheese - null
[2022-10-24T04:53:18.967] [DEBUG] cheese - null
[2022-10-24T11:51:20.150] [DEBUG] cheese - login => username:admin,password:123456
[2022-10-24T11:51:20.152] [DEBUG] cheese - admin
[2022-10-24T11:51:20.169] [DEBUG] cheese - null
[2022-10-24T11:51:20.169] [DEBUG] cheese - null
[2022-10-24T13:30:41.009] [DEBUG] cheese - login => username:admin,password:123456
[2022-10-24T13:30:41.009] [DEBUG] cheese - admin
[2022-10-24T13:30:41.013] [DEBUG] cheese - null
[2022-10-24T13:30:41.013] [DEBUG] cheese - null
[2022-10-25T04:55:04.249] [DEBUG] cheese - login => username:admin,password:123456
[2022-10-25T04:55:04.250] [DEBUG] cheese - admin
[2022-10-25T04:55:04.253] [DEBUG] cheese - null
[2022-10-25T04:55:04.253] [DEBUG] cheese - null
[2022-10-25T05:22:11.919] [DEBUG] cheese - login => username:admin,password:123456
[2022-10-25T05:22:11.919] [DEBUG] cheese - admin
[2022-10-25T05:22:11.922] [DEBUG] cheese - null
[2022-10-25T05:22:11.922] [DEBUG] cheese - null
[2022-10-25T21:45:04.429] [DEBUG] cheese - login => username:admin,password:123456
[2022-10-25T21:45:04.431] [DEBUG] cheese - admin
[2022-10-25T21:45:04.454] [DEBUG] cheese - null
[2022-10-25T21:45:04.454] [DEBUG] cheese - null
[2022-10-25T22:33:01.743] [DEBUG] cheese - null
[2022-10-25T22:33:41.830] [DEBUG] cheese - null
[2022-10-25T22:41:53.262] [DEBUG] cheese - null
[2022-10-25T22:41:57.252] [DEBUG] cheese - null
[2022-10-25T22:42:33.358] [DEBUG] cheese - null
[2022-10-25T22:50:29.596] [DEBUG] cheese - null
[2022-10-25T22:50:32.643] [DEBUG] cheese - null
[2022-10-26T05:15:35.096] [DEBUG] cheese - login => username:admin,password:123456
[2022-10-26T05:15:35.096] [DEBUG] cheese - admin
[2022-10-26T05:15:35.098] [DEBUG] cheese - null
[2022-10-26T05:15:35.098] [DEBUG] cheese - null
[2022-10-26T18:44:57.179] [DEBUG] cheese - login => username:admin,password:123456
[2022-10-26T18:44:57.185] [DEBUG] cheese - admin
[2022-10-26T18:44:57.189] [DEBUG] cheese - null
[2022-10-26T18:44:57.190] [DEBUG] cheese - null
[2022-10-26T18:45:59.824] [DEBUG] cheese - login => username:admin,password:123456
[2022-10-26T18:45:59.824] [DEBUG] cheese - admin
[2022-10-26T18:45:59.827] [DEBUG] cheese - null
[2022-10-26T18:45:59.827] [DEBUG] cheese - null
[2022-10-26T18:50:25.917] [DEBUG] cheese - login => username:admin,password:123456
[2022-10-26T18:50:25.917] [DEBUG] cheese - admin
[2022-10-26T18:50:25.920] [DEBUG] cheese - null
[2022-10-26T18:50:25.920] [DEBUG] cheese - null
[2022-10-26T18:52:48.685] [DEBUG] cheese - login => username:admin,password:123456
[2022-10-26T18:52:48.685] [DEBUG] cheese - admin
[2022-10-26T18:52:48.687] [DEBUG] cheese - null
[2022-10-26T18:52:48.687] [DEBUG] cheese - null
[2022-10-27T09:07:02.536] [DEBUG] cheese - login => username:admin,password:123456
[2022-10-27T09:07:02.538] [DEBUG] cheese - admin
[2022-10-27T09:07:02.542] [DEBUG] cheese - null
[2022-10-27T09:07:02.542] [DEBUG] cheese - null
[2022-10-28T03:59:31.117] [DEBUG] cheese - login => username:admin,password:123456
[2022-10-28T03:59:31.122] [DEBUG] cheese - admin
[2022-10-28T03:59:31.159] [DEBUG] cheese - null
[2022-10-28T03:59:31.160] [DEBUG] cheese - null
[2022-10-29T02:56:15.956] [DEBUG] cheese - login => username:admin,password:123456
[2022-10-29T02:56:15.960] [DEBUG] cheese - admin
[2022-10-29T02:56:15.988] [DEBUG] cheese - null
[2022-10-29T02:56:15.988] [DEBUG] cheese - null
[2022-10-29T05:57:57.393] [DEBUG] cheese - login => username:admin,password:123456
[2022-10-29T05:57:57.396] [DEBUG] cheese - admin
[2022-10-29T05:57:57.402] [DEBUG] cheese - null
[2022-10-29T05:57:57.402] [DEBUG] cheese - null
[2022-10-29T06:02:53.647] [DEBUG] cheese - login => username:admin,password:123456
[2022-10-29T06:02:53.650] [DEBUG] cheese - admin
[2022-10-29T06:02:53.660] [DEBUG] cheese - null
[2022-10-29T06:02:53.660] [DEBUG] cheese - null
[2022-10-29T06:08:20.905] [DEBUG] cheese - login => username:admin,password:123456
[2022-10-29T06:08:20.906] [DEBUG] cheese - admin
[2022-10-29T06:08:20.912] [DEBUG] cheese - null
[2022-10-29T06:08:20.913] [DEBUG] cheese - null
[2022-10-29T06:08:44.815] [DEBUG] cheese - login => username:admin,password:123456
[2022-10-29T06:08:44.815] [DEBUG] cheese - admin
[2022-10-29T06:08:44.818] [DEBUG] cheese - null
[2022-10-29T06:08:44.818] [DEBUG] cheese - null
[2022-10-29T06:09:12.413] [DEBUG] cheese - login => username:admin,password:123456
[2022-10-29T06:09:12.413] [DEBUG] cheese - admin
[2022-10-29T06:09:12.416] [DEBUG] cheese - null
[2022-10-29T06:09:12.416] [DEBUG] cheese - null
[2022-10-29T06:09:39.675] [DEBUG] cheese - login => username:admin,password:123456
[2022-10-29T06:09:39.676] [DEBUG] cheese - admin
[2022-10-29T06:09:39.682] [DEBUG] cheese - null
[2022-10-29T06:09:39.682] [DEBUG] cheese - null
[2022-10-29T06:10:41.830] [DEBUG] cheese - login => username:admin,password:123456
[2022-10-29T06:10:41.830] [DEBUG] cheese - admin
[2022-10-29T06:10:41.832] [DEBUG] cheese - null
[2022-10-29T06:10:41.832] [DEBUG] cheese - null
[2022-10-29T06:11:07.515] [DEBUG] cheese - login => username:admin,password:123456
[2022-10-29T06:11:07.515] [DEBUG] cheese - admin
[2022-10-29T06:11:07.517] [DEBUG] cheese - null
[2022-10-29T06:11:07.518] [DEBUG] cheese - null
[2022-10-29T06:40:35.823] [DEBUG] cheese - login => username:admin,password:123456
[2022-10-29T06:40:35.826] [DEBUG] cheese - admin
[2022-10-29T06:40:35.845] [DEBUG] cheese - null
[2022-10-29T06:40:35.846] [DEBUG] cheese - null
[2022-10-30T02:01:14.732] [DEBUG] cheese - login => username:admin,password:123456
[2022-10-30T02:01:14.734] [DEBUG] cheese - admin
[2022-10-30T02:01:14.738] [DEBUG] cheese - null
[2022-10-30T02:01:14.739] [DEBUG] cheese - null
[2022-11-02T05:26:57.618] [DEBUG] cheese - login => username:admin,password:123456
[2022-11-02T05:26:57.621] [DEBUG] cheese - admin
[2022-11-02T05:26:57.652] [DEBUG] cheese - null
[2022-11-02T05:26:57.652] [DEBUG] cheese - null
[2022-11-02T08:10:18.044] [DEBUG] cheese - login => username:admin,password:123456
[2022-11-02T08:10:18.045] [DEBUG] cheese - admin
[2022-11-02T08:10:18.051] [DEBUG] cheese - null
[2022-11-02T08:10:18.051] [DEBUG] cheese - null
[2022-11-02T08:50:23.013] [DEBUG] cheese - login => username:admin,password:123456
[2022-11-02T08:50:23.015] [DEBUG] cheese - admin
[2022-11-02T08:50:23.039] [DEBUG] cheese - null
[2022-11-02T08:50:23.039] [DEBUG] cheese - null
[2022-11-02T09:11:28.967] [DEBUG] cheese - login => username:admin,password:123456
[2022-11-02T09:11:28.969] [DEBUG] cheese - admin
[2022-11-02T09:11:28.986] [DEBUG] cheese - null
[2022-11-02T09:11:28.987] [DEBUG] cheese - null
[2022-11-02T10:22:56.089] [DEBUG] cheese - login => username:admin,password:123456
[2022-11-02T10:22:56.091] [DEBUG] cheese - admin
[2022-11-02T10:22:56.139] [DEBUG] cheese - null
[2022-11-02T10:22:56.140] [DEBUG] cheese - null
[2022-11-02T10:33:18.439] [DEBUG] cheese - login => username:admin,password:123456
[2022-11-02T10:33:18.439] [DEBUG] cheese - admin
[2022-11-02T10:33:18.443] [DEBUG] cheese - null
[2022-11-02T10:33:18.443] [DEBUG] cheese - null
[2022-11-02T10:42:02.107] [DEBUG] cheese - login => username:admin,password:123456
[2022-11-02T10:42:02.107] [DEBUG] cheese - admin
[2022-11-02T10:42:02.110] [DEBUG] cheese - null
[2022-11-02T10:42:02.110] [DEBUG] cheese - null
[2022-11-02T10:45:51.307] [DEBUG] cheese - login => username:admin,password:123456
[2022-11-02T10:45:51.307] [DEBUG] cheese - admin
[2022-11-02T10:45:51.311] [DEBUG] cheese - null
[2022-11-02T10:45:51.311] [DEBUG] cheese - null
[2022-11-02T10:50:31.159] [DEBUG] cheese - login => username:admin,password:123456
[2022-11-02T10:50:31.160] [DEBUG] cheese - admin
[2022-11-02T10:50:31.166] [DEBUG] cheese - null
[2022-11-02T10:50:31.166] [DEBUG] cheese - null
[2022-11-02T11:13:34.678] [DEBUG] cheese - login => username:admin,password:123456
[2022-11-02T11:13:34.678] [DEBUG] cheese - admin
[2022-11-02T11:13:34.684] [DEBUG] cheese - null
[2022-11-02T11:13:34.684] [DEBUG] cheese - null
[2022-11-02T11:21:05.015] [DEBUG] cheese - login => username:admin,password:123456
[2022-11-02T11:21:05.015] [DEBUG] cheese - admin
[2022-11-02T11:21:05.021] [DEBUG] cheese - null
[2022-11-02T11:21:05.021] [DEBUG] cheese - null
[2022-11-02T11:56:58.054] [DEBUG] cheese - login => username:admin,password:123456
[2022-11-02T11:56:58.055] [DEBUG] cheese - admin
[2022-11-02T11:56:58.065] [DEBUG] cheese - null
[2022-11-02T11:56:58.066] [DEBUG] cheese - null
[2022-11-02T13:07:32.006] [DEBUG] cheese - login => username:admin,password:123456
[2022-11-02T13:07:32.009] [DEBUG] cheese - admin
[2022-11-02T13:07:32.039] [DEBUG] cheese - null
[2022-11-02T13:07:32.039] [DEBUG] cheese - null
[2022-11-02T13:11:23.885] [DEBUG] cheese - login => username:admin,password:123456
[2022-11-02T13:11:23.886] [DEBUG] cheese - admin
[2022-11-02T13:11:23.909] [DEBUG] cheese - null
[2022-11-02T13:11:23.909] [DEBUG] cheese - null
[2023-09-14T03:51:00.105] [DEBUG] cheese - login => username:admin,password:admin
[2023-09-14T03:51:00.107] [DEBUG] cheese - admin
[2023-09-14T03:51:00.131] [DEBUG] cheese - null
[2023-09-14T03:51:00.131] [DEBUG] cheese - null
[2023-09-14T03:51:03.454] [DEBUG] cheese - login => username:admin,password:123456
[2023-09-14T03:51:03.455] [DEBUG] cheese - admin
[2023-09-14T03:51:03.457] [DEBUG] cheese - null
[2023-09-14T03:51:03.457] [DEBUG] cheese - null
[2023-09-14T07:50:58.920] [DEBUG] cheese - null
[2023-09-14T07:51:34.957] [DEBUG] cheese - null
[2023-09-14T08:00:14.519] [DEBUG] cheese - login => username:admin,password:123456
[2023-09-14T08:00:14.519] [DEBUG] cheese - admin
[2023-09-14T08:00:14.524] [DEBUG] cheese - null
[2023-09-14T08:00:14.525] [DEBUG] cheese - null
[2023-09-14T16:48:31.419] [DEBUG] cheese - login => username:dsadsa,password:eqweqweqw
[2023-09-14T16:48:31.421] [DEBUG] cheese - dsadsa
[2023-09-14T16:48:31.423] [DEBUG] cheese - null
[2023-09-14T16:48:31.424] [DEBUG] cheese - null
[2023-09-14T16:49:50.429] [DEBUG] cheese - login => username:eqwe,password:qweqweqweqw
[2023-09-14T16:49:50.429] [DEBUG] cheese - eqwe
[2023-09-14T16:49:50.431] [DEBUG] cheese - null
[2023-09-14T16:49:50.431] [DEBUG] cheese - null
